
2026/02/13 20:14:53 [32m/home/pyromancer/starcitizen-hub/backend-go/internal/database/database.go:41
[0m[33m[0.018ms] [34;1m[rows:0][0m PRAGMA journal_mode=WAL;
2026/02/13 20:14:53 Database connection established

2026/02/13 20:14:53 [32m/home/pyromancer/starcitizen-hub/backend-go/cmd/server/main.go:36
[0m[33m[0.028ms] [34;1m[rows:-][0m SELECT count(*) FROM sqlite_master WHERE type='table' AND name="users"

2026/02/13 20:14:53 [32m/home/pyromancer/starcitizen-hub/backend-go/cmd/server/main.go:36
[0m[33m[0.090ms] [34;1m[rows:4][0m SELECT sql FROM sqlite_master WHERE type IN ("table","index") AND tbl_name = "users" AND sql IS NOT NULL order by type = "table" desc

2026/02/13 20:14:53 [32m/home/pyromancer/starcitizen-hub/backend-go/cmd/server/main.go:36
[0m[33m[0.025ms] [34;1m[rows:-][0m SELECT * FROM `users` LIMIT 1

2026/02/13 20:14:53 [32m/home/pyromancer/starcitizen-hub/backend-go/cmd/server/main.go:36
[0m[33m[0.023ms] [34;1m[rows:-][0m SELECT count(*) FROM sqlite_master WHERE type = "index" AND tbl_name = "users" AND name = "idx_users_email"

2026/02/13 20:14:53 [32m/home/pyromancer/starcitizen-hub/backend-go/cmd/server/main.go:36
[0m[33m[0.018ms] [34;1m[rows:-][0m SELECT count(*) FROM sqlite_master WHERE type = "index" AND tbl_name = "users" AND name = "idx_users_rsi_handle"

2026/02/13 20:14:53 [32m/home/pyromancer/starcitizen-hub/backend-go/cmd/server/main.go:36
[0m[33m[0.018ms] [34;1m[rows:-][0m SELECT count(*) FROM sqlite_master WHERE type = "index" AND tbl_name = "users" AND name = "idx_users_deleted_at"

2026/02/13 20:14:53 [32m/home/pyromancer/starcitizen-hub/backend-go/cmd/server/main.go:36
[0m[33m[0.018ms] [34;1m[rows:-][0m SELECT count(*) FROM sqlite_master WHERE type='table' AND name="roles"

2026/02/13 20:14:53 [32m/home/pyromancer/starcitizen-hub/backend-go/cmd/server/main.go:36
[0m[33m[0.068ms] [34;1m[rows:1][0m SELECT sql FROM sqlite_master WHERE type IN ("table","index") AND tbl_name = "roles" AND sql IS NOT NULL order by type = "table" desc

2026/02/13 20:14:53 [32m/home/pyromancer/starcitizen-hub/backend-go/cmd/server/main.go:36
[0m[33m[0.019ms] [34;1m[rows:-][0m SELECT * FROM `roles` LIMIT 1

2026/02/13 20:14:53 [32m/home/pyromancer/starcitizen-hub/backend-go/cmd/server/main.go:36
[0m[33m[0.021ms] [34;1m[rows:1][0m PRAGMA foreign_keys

2026/02/13 20:14:53 [32m
[0m[33m[0.019ms] [34;1m[rows:-][0m SELECT sql FROM sqlite_master WHERE type = "table" AND tbl_name = "roles" AND name = "roles"

2026/02/13 20:14:53 [32m
[0m[33m[0.171ms] [34;1m[rows:0][0m CREATE TABLE `roles__temp`  (id INTEGER NOT NULL,`name` text,tier VARCHAR(20) NOT NULL,permissions JSON NOT NULL,is_default BOOLEAN NOT NULL,sort_order INTEGER NOT NULL,PRIMARY KEY (id),UNIQUE (name))

2026/02/13 20:14:53 [31;1m [35;1mtable roles__temp has no column named UNIQUE
[0m[33m[0.012ms] [34;1m[rows:0][0m INSERT INTO `roles__temp`(`id`,`name`,`tier`,`permissions`,`is_default`,`sort_order`,`UNIQUE`) SELECT `id`,`name`,`tier`,`permissions`,`is_default`,`sort_order`,`UNIQUE` FROM `roles`
2026/02/13 20:14:53 Starting Go backend on port 8000
